<?xml version="1.0" encoding="UTF-8"?>
<testsuite name="com.app.grip.GripApplicationTests" tests="1" skipped="0" failures="0" errors="0" timestamp="2021-02-07T07:47:49" hostname="DESKTOP-69HI8ET" time="0.081">
  <properties/>
  <testcase name="contextLoads()" classname="com.app.grip.GripApplicationTests" time="0.081"/>
  <system-out><![CDATA[16:47:44.956 [Test worker] DEBUG org.springframework.test.context.BootstrapUtils - Instantiating CacheAwareContextLoaderDelegate from class [org.springframework.test.context.cache.DefaultCacheAwareContextLoaderDelegate]
16:47:44.977 [Test worker] DEBUG org.springframework.test.context.BootstrapUtils - Instantiating BootstrapContext using constructor [public org.springframework.test.context.support.DefaultBootstrapContext(java.lang.Class,org.springframework.test.context.CacheAwareContextLoaderDelegate)]
16:47:45.014 [Test worker] DEBUG org.springframework.test.context.BootstrapUtils - Instantiating TestContextBootstrapper for test class [com.app.grip.GripApplicationTests] from class [org.springframework.boot.test.context.SpringBootTestContextBootstrapper]
16:47:45.028 [Test worker] INFO org.springframework.boot.test.context.SpringBootTestContextBootstrapper - Neither @ContextConfiguration nor @ContextHierarchy found for test class [com.app.grip.GripApplicationTests], using SpringBootContextLoader
16:47:45.033 [Test worker] DEBUG org.springframework.test.context.support.AbstractContextLoader - Did not detect default resource location for test class [com.app.grip.GripApplicationTests]: class path resource [com/app/grip/GripApplicationTests-context.xml] does not exist
16:47:45.033 [Test worker] DEBUG org.springframework.test.context.support.AbstractContextLoader - Did not detect default resource location for test class [com.app.grip.GripApplicationTests]: class path resource [com/app/grip/GripApplicationTestsContext.groovy] does not exist
16:47:45.034 [Test worker] INFO org.springframework.test.context.support.AbstractContextLoader - Could not detect default resource locations for test class [com.app.grip.GripApplicationTests]: no resource found for suffixes {-context.xml, Context.groovy}.
16:47:45.034 [Test worker] INFO org.springframework.test.context.support.AnnotationConfigContextLoaderUtils - Could not detect default configuration classes for test class [com.app.grip.GripApplicationTests]: GripApplicationTests does not declare any static, non-private, non-final, nested classes annotated with @Configuration.
16:47:45.082 [Test worker] DEBUG org.springframework.test.context.support.ActiveProfilesUtils - Could not find an 'annotation declaring class' for annotation type [org.springframework.test.context.ActiveProfiles] and class [com.app.grip.GripApplicationTests]
16:47:45.157 [Test worker] DEBUG org.springframework.context.annotation.ClassPathScanningCandidateComponentProvider - Identified candidate component class: file [C:\Users\every\IdeaProjects\grip_mock_server_shine_divi\build\classes\java\main\com\app\grip\GripApplication.class]
16:47:45.159 [Test worker] INFO org.springframework.boot.test.context.SpringBootTestContextBootstrapper - Found @SpringBootConfiguration com.app.grip.GripApplication for test class com.app.grip.GripApplicationTests
16:47:45.269 [Test worker] DEBUG org.springframework.boot.test.context.SpringBootTestContextBootstrapper - @TestExecutionListeners is not present for class [com.app.grip.GripApplicationTests]: using defaults.
16:47:45.269 [Test worker] INFO org.springframework.boot.test.context.SpringBootTestContextBootstrapper - Loaded default TestExecutionListener class names from location [META-INF/spring.factories]: [org.springframework.boot.test.autoconfigure.restdocs.RestDocsTestExecutionListener, org.springframework.boot.test.autoconfigure.web.client.MockRestServiceServerResetTestExecutionListener, org.springframework.boot.test.autoconfigure.web.servlet.MockMvcPrintOnlyOnFailureTestExecutionListener, org.springframework.boot.test.autoconfigure.web.servlet.WebDriverTestExecutionListener, org.springframework.boot.test.autoconfigure.webservices.client.MockWebServiceServerTestExecutionListener, org.springframework.boot.test.mock.mockito.MockitoTestExecutionListener, org.springframework.boot.test.mock.mockito.ResetMocksTestExecutionListener, org.springframework.test.context.web.ServletTestExecutionListener, org.springframework.test.context.support.DirtiesContextBeforeModesTestExecutionListener, org.springframework.test.context.support.DependencyInjectionTestExecutionListener, org.springframework.test.context.support.DirtiesContextTestExecutionListener, org.springframework.test.context.transaction.TransactionalTestExecutionListener, org.springframework.test.context.jdbc.SqlScriptsTestExecutionListener, org.springframework.test.context.event.EventPublishingTestExecutionListener]
16:47:45.293 [Test worker] INFO org.springframework.boot.test.context.SpringBootTestContextBootstrapper - Using TestExecutionListeners: [org.springframework.test.context.web.ServletTestExecutionListener@6ca1c565, org.springframework.test.context.support.DirtiesContextBeforeModesTestExecutionListener@787f735a, org.springframework.boot.test.mock.mockito.MockitoTestExecutionListener@6d7db43b, org.springframework.boot.test.autoconfigure.SpringBootDependencyInjectionTestExecutionListener@2f40a0ce, org.springframework.test.context.support.DirtiesContextTestExecutionListener@4da8d2ae, org.springframework.test.context.transaction.TransactionalTestExecutionListener@4ece8de2, org.springframework.test.context.jdbc.SqlScriptsTestExecutionListener@4e92346c, org.springframework.test.context.event.EventPublishingTestExecutionListener@647ebba0, org.springframework.boot.test.autoconfigure.restdocs.RestDocsTestExecutionListener@6fc82823, org.springframework.boot.test.autoconfigure.web.client.MockRestServiceServerResetTestExecutionListener@555309a5, org.springframework.boot.test.autoconfigure.web.servlet.MockMvcPrintOnlyOnFailureTestExecutionListener@a3d7637, org.springframework.boot.test.autoconfigure.web.servlet.WebDriverTestExecutionListener@1b0f7f6b, org.springframework.boot.test.autoconfigure.webservices.client.MockWebServiceServerTestExecutionListener@3528c519, org.springframework.boot.test.mock.mockito.ResetMocksTestExecutionListener@787bec38]
16:47:45.298 [Test worker] DEBUG org.springframework.test.context.support.AbstractDirtiesContextTestExecutionListener - Before test class: context [DefaultTestContext@c4e76b9 testClass = GripApplicationTests, testInstance = [null], testMethod = [null], testException = [null], mergedContextConfiguration = [WebMergedContextConfiguration@566d19d6 testClass = GripApplicationTests, locations = '{}', classes = '{class com.app.grip.GripApplication}', contextInitializerClasses = '[]', activeProfiles = '{}', propertySourceLocations = '{}', propertySourceProperties = '{org.springframework.boot.test.context.SpringBootTestContextBootstrapper=true}', contextCustomizers = set[org.springframework.boot.test.autoconfigure.actuate.metrics.MetricsExportContextCustomizerFactory$DisableMetricExportContextCustomizer@7f3e27eb, org.springframework.boot.test.autoconfigure.properties.PropertyMappingContextCustomizer@0, org.springframework.boot.test.autoconfigure.web.servlet.WebDriverContextCustomizerFactory$Customizer@3555ac22, org.springframework.boot.test.context.filter.ExcludeFilterContextCustomizer@384f5580, org.springframework.boot.test.json.DuplicateJsonObjectContextCustomizerFactory$DuplicateJsonObjectContextCustomizer@7c8e806d, org.springframework.boot.test.mock.mockito.MockitoContextCustomizer@0, org.springframework.boot.test.web.client.TestRestTemplateContextCustomizer@781e37ec, org.springframework.boot.test.web.reactive.server.WebTestClientContextCustomizer@2872bd20, org.springframework.boot.test.context.SpringBootTestArgs@1, org.springframework.boot.test.context.SpringBootTestWebEnvironment@4bb3f568], resourceBasePath = 'src/main/webapp', contextLoader = 'org.springframework.boot.test.context.SpringBootContextLoader', parent = [null]], attributes = map['org.springframework.test.context.web.ServletTestExecutionListener.activateListener' -> true]], class annotated with @DirtiesContext [false] with mode [null].
16:47:45.331 [Test worker] DEBUG org.springframework.test.context.support.TestPropertySourceUtils - Adding inlined properties to environment: {spring.jmx.enabled=false, org.springframework.boot.test.context.SpringBootTestContextBootstrapper=true}

  .   ____          _            __ _ _
 /\\ / ___'_ __ _ _(_)_ __  __ _ \ \ \ \
( ( )\___ | '_ | '_| | '_ \/ _` | \ \ \ \
 \\/  ___)| |_)| | | | | || (_| |  ) ) ) )
  '  |____| .__|_| |_|_| |_\__, | / / / /
 =========|_|==============|___/=/_/_/_/
 :: Spring Boot ::                (v2.4.0)

2021-02-07 16:47:45.709  INFO 19648 --- [    Test worker] com.app.grip.GripApplicationTests        : Starting GripApplicationTests using Java 1.8.0_231 on DESKTOP-69HI8ET with PID 19648 (started by every in C:\Users\every\IdeaProjects\grip_mock_server_shine_divi)
2021-02-07 16:47:45.710  INFO 19648 --- [    Test worker] com.app.grip.GripApplicationTests        : The following profiles are active: local
2021-02-07 16:47:46.475  INFO 19648 --- [    Test worker] .s.d.r.c.RepositoryConfigurationDelegate : Bootstrapping Spring Data JPA repositories in DEFERRED mode.
2021-02-07 16:47:46.542  INFO 19648 --- [    Test worker] .s.d.r.c.RepositoryConfigurationDelegate : Finished Spring Data repository scanning in 59 ms. Found 1 JPA repository interfaces.
2021-02-07 16:47:47.099  INFO 19648 --- [    Test worker] o.s.s.concurrent.ThreadPoolTaskExecutor  : Initializing ExecutorService 'applicationTaskExecutor'
2021-02-07 16:47:47.118  INFO 19648 --- [    Test worker] com.zaxxer.hikari.HikariDataSource       : HikariPool-1 - Starting...
2021-02-07 16:47:47.341  INFO 19648 --- [    Test worker] com.zaxxer.hikari.HikariDataSource       : HikariPool-1 - Start completed.
2021-02-07 16:47:47.430  INFO 19648 --- [         task-1] o.hibernate.jpa.internal.util.LogHelper  : HHH000204: Processing PersistenceUnitInfo [name: default]
2021-02-07 16:47:47.515  WARN 19648 --- [    Test worker] JpaBaseConfiguration$JpaWebConfiguration : spring.jpa.open-in-view is enabled by default. Therefore, database queries may be performed during view rendering. Explicitly configure spring.jpa.open-in-view to disable this warning
2021-02-07 16:47:47.517  INFO 19648 --- [         task-1] org.hibernate.Version                    : HHH000412: Hibernate ORM core version 5.4.23.Final
2021-02-07 16:47:47.704  INFO 19648 --- [    Test worker] .s.s.UserDetailsServiceAutoConfiguration : 

Using generated security password: e2140ee9-64ed-47da-b925-6bf5e82f8fc8

2021-02-07 16:47:47.785  INFO 19648 --- [         task-1] o.hibernate.annotations.common.Version   : HCANN000001: Hibernate Commons Annotations {5.1.2.Final}
2021-02-07 16:47:47.953  INFO 19648 --- [    Test worker] o.s.s.web.DefaultSecurityFilterChain     : Will secure any request with [org.springframework.security.web.context.request.async.WebAsyncManagerIntegrationFilter@53a89e, org.springframework.security.web.context.SecurityContextPersistenceFilter@1b33dff1, org.springframework.security.web.header.HeaderWriterFilter@6e831879, org.springframework.security.web.authentication.logout.LogoutFilter@3708ff0, org.springframework.security.web.savedrequest.RequestCacheAwareFilter@66a8801a, org.springframework.security.web.servletapi.SecurityContextHolderAwareRequestFilter@520d4b6d, org.springframework.security.web.authentication.AnonymousAuthenticationFilter@32671284, org.springframework.security.web.session.SessionManagementFilter@1085d799, org.springframework.security.web.access.ExceptionTranslationFilter@1ee92e67]
2021-02-07 16:47:48.043  INFO 19648 --- [         task-1] org.hibernate.dialect.Dialect            : HHH000400: Using dialect: org.hibernate.dialect.H2Dialect
2021-02-07 16:47:48.528  INFO 19648 --- [    Test worker] o.s.b.a.h2.H2ConsoleAutoConfiguration    : H2 console available at '/h2-console'. Database available at 'jdbc:h2:mem:userdb'
2021-02-07 16:47:48.620  INFO 19648 --- [    Test worker] o.s.b.a.w.s.WelcomePageHandlerMapping    : Adding welcome page: class path resource [static/index.html]
2021-02-07 16:47:48.960  INFO 19648 --- [         task-1] o.h.e.t.j.p.i.JtaPlatformInitiator       : HHH000490: Using JtaPlatform implementation: [org.hibernate.engine.transaction.jta.platform.internal.NoJtaPlatform]
2021-02-07 16:47:48.972  INFO 19648 --- [         task-1] j.LocalContainerEntityManagerFactoryBean : Initialized JPA EntityManagerFactory for persistence unit 'default'
2021-02-07 16:47:48.984  INFO 19648 --- [    Test worker] DeferredRepositoryInitializationListener : Triggering deferred initialization of Spring Data repositories…
2021-02-07 16:47:49.500  INFO 19648 --- [    Test worker] DeferredRepositoryInitializationListener : Spring Data repositories initialized!
2021-02-07 16:47:49.507  INFO 19648 --- [    Test worker] com.app.grip.GripApplicationTests        : Started GripApplicationTests in 4.168 seconds (JVM running for 6.16)
]]></system-out>
  <system-err><![CDATA[]]></system-err>
</testsuite>
